********************************************************************************
*                             Initializing Cubiquity                           *
********************************************************************************
<<<<<<< HEAD
[10:56:00, Info   ]: Creating voxel database from 'C:/Users/Benjamin/Documents/School/Bewijzenmap/Jaar_2/Periode_2/PRO_B/Aim3D/New Unity Project/Assets/StreamingAssets/Cubiquity/VoxelDatabases/5814C0EE.vdb'
[10:56:05, Info   ]: Creating voxel database from 'C:/Users/Benjamin/Documents/School/Bewijzenmap/Jaar_2/Periode_2/PRO_B/Aim3D/New Unity Project/Assets/StreamingAssets/Cubiquity/VoxelDatabases/5814C0EE.vdb'
[10:56:19, Info   ]: Creating voxel database from 'C:/Users/Benjamin/Documents/School/Bewijzenmap/Jaar_2/Periode_2/PRO_B/Aim3D/New Unity Project/Assets/StreamingAssets/Cubiquity/VoxelDatabases/5814C0EE.vdb'
[10:56:21, Info   ]: Creating voxel database from 'C:/Users/Benjamin/Documents/School/Bewijzenmap/Jaar_2/Periode_2/PRO_B/Aim3D/New Unity Project/Assets/StreamingAssets/Cubiquity/VoxelDatabases/62AC56C9.vdb'
[11:03:34, Info   ]: Creating voxel database from 'C:/Users/Benjamin/Documents/School/Bewijzenmap/Jaar_2/Periode_2/PRO_B/Aim3D/New Unity Project/Assets/StreamingAssets/Cubiquity/VoxelDatabases/62AC56C9.vdb'
[11:05:35, Info   ]: Creating voxel database from 'C:/Users/Benjamin/Documents/School/Bewijzenmap/Jaar_2/Periode_2/PRO_B/Aim3D/New Unity Project/Assets/StreamingAssets/Cubiquity/VoxelDatabases/62AC56C9.vdb'
[11:07:19, Info   ]: Creating voxel database from 'C:/Users/Benjamin/Documents/School/Bewijzenmap/Jaar_2/Periode_2/PRO_B/Aim3D/New Unity Project/Assets/StreamingAssets/Cubiquity/VoxelDatabases/62AC56C9.vdb'
[11:07:20, Info   ]: Creating voxel database from 'C:/Users/Benjamin/Documents/School/Bewijzenmap/Jaar_2/Periode_2/PRO_B/Aim3D/New Unity Project/Assets/StreamingAssets/Cubiquity/VoxelDatabases/62AC56C9.vdb'
=======
[21:49:02, Info   ]: Creating voxel database from 'C:/programmingProjects/Aim3D/New Unity Project/Assets/StreamingAssets/Cubiquity/VoxelDatabases/5814C0EE.vdb'
[21:50:44, Info   ]: Creating voxel database from 'C:/programmingProjects/Aim3D/New Unity Project/Assets/StreamingAssets/Cubiquity/VoxelDatabases/5814C0EE.vdb'
[21:51:17, Info   ]: Creating voxel database from 'C:/programmingProjects/Aim3D/New Unity Project/Assets/StreamingAssets/Cubiquity/VoxelDatabases/5814C0EE.vdb'
[21:51:19, Info   ]: Creating voxel database from 'C:/programmingProjects/Aim3D/New Unity Project/Assets/StreamingAssets/Cubiquity/VoxelDatabases/5814C0EE.vdb'
[21:51:53, Info   ]: Creating voxel database from 'C:/programmingProjects/Aim3D/New Unity Project/Assets/StreamingAssets/Cubiquity/VoxelDatabases/5814C0EE.vdb'
[21:57:49, Info   ]: Creating voxel database from 'C:/programmingProjects/Aim3D/New Unity Project/Assets/StreamingAssets/Cubiquity/VoxelDatabases/5814C0EE.vdb'
[21:58:03, Info   ]: Creating voxel database from 'C:/programmingProjects/Aim3D/New Unity Project/Assets/StreamingAssets/Cubiquity/VoxelDatabases/5814C0EE.vdb'
[21:58:53, Info   ]: Creating voxel database from 'C:/programmingProjects/Aim3D/New Unity Project/Assets/StreamingAssets/Cubiquity/VoxelDatabases/5814C0EE.vdb'
[22:02:34, Info   ]: Creating voxel database from 'C:/programmingProjects/Aim3D/New Unity Project/Assets/StreamingAssets/Cubiquity/VoxelDatabases/5814C0EE.vdb'
[22:02:38, Info   ]: Creating voxel database from 'C:/programmingProjects/Aim3D/New Unity Project/Assets/StreamingAssets/Cubiquity/VoxelDatabases/5814C0EE.vdb'
[22:02:50, Info   ]: Creating voxel database from 'C:/programmingProjects/Aim3D/New Unity Project/Assets/StreamingAssets/Cubiquity/VoxelDatabases/5814C0EE.vdb'
[22:02:52, Info   ]: Creating voxel database from 'C:/programmingProjects/Aim3D/New Unity Project/Assets/StreamingAssets/Cubiquity/VoxelDatabases/5814C0EE.vdb'
[22:03:06, Info   ]: Creating voxel database from 'C:/programmingProjects/Aim3D/New Unity Project/Assets/StreamingAssets/Cubiquity/VoxelDatabases/5814C0EE.vdb'
[22:03:30, Info   ]: Creating voxel database from 'C:/programmingProjects/Aim3D/New Unity Project/Assets/StreamingAssets/Cubiquity/VoxelDatabases/5814C0EE.vdb'
[22:04:00, Info   ]: Creating voxel database from 'C:/programmingProjects/Aim3D/New Unity Project/Assets/StreamingAssets/Cubiquity/VoxelDatabases/5814C0EE.vdb'
[22:04:41, Info   ]: Creating voxel database from 'C:/programmingProjects/Aim3D/New Unity Project/Assets/StreamingAssets/Cubiquity/VoxelDatabases/5814C0EE.vdb'
[22:04:43, Info   ]: Creating voxel database from 'C:/programmingProjects/Aim3D/New Unity Project/Assets/StreamingAssets/Cubiquity/VoxelDatabases/5814C0EE.vdb'
[22:04:48, Info   ]: Creating voxel database from 'C:/programmingProjects/Aim3D/New Unity Project/Assets/StreamingAssets/Cubiquity/VoxelDatabases/5814C0EE.vdb'
[22:04:53, Info   ]: Creating voxel database from 'C:/programmingProjects/Aim3D/New Unity Project/Assets/StreamingAssets/Cubiquity/VoxelDatabases/5814C0EE.vdb'
[22:04:58, Info   ]: Creating voxel database from 'C:/programmingProjects/Aim3D/New Unity Project/Assets/StreamingAssets/Cubiquity/VoxelDatabases/5814C0EE.vdb'
[22:05:08, Info   ]: Creating voxel database from 'C:/programmingProjects/Aim3D/New Unity Project/Assets/StreamingAssets/Cubiquity/VoxelDatabases/5814C0EE.vdb'
[22:05:40, Info   ]: Creating voxel database from 'C:/programmingProjects/Aim3D/New Unity Project/Assets/StreamingAssets/Cubiquity/VoxelDatabases/5814C0EE.vdb'
>>>>>>> origin/master
********************************************************************************
*                             Shutting down Cubiquity                          *
********************************************************************************

